<?xml version="1.0" encoding="UTF-8"?>
<!-- Generated by org.testng.reporters.JUnitXMLReporter -->
<testsuite ignored="0" hostname="DESKTOP-1Q442FK" failures="0" tests="3" name="Default test" time="112.77" errors="0" timestamp="2023-11-16T13:52:43 IST">
  <testcase classname="com.DemoQA.qa.Testcases.ElementPageTest" name="TextboxTest" time="1.936"/>
  <testcase classname="com.DemoQA.qa.Testcases.ElementPageTest" name="TextboxTest" time="1.918"/>
  <testcase classname="com.DemoQA.qa.Testcases.ElementPageTest" name="TextboxTest" time="2.052"/>
</testsuite> <!-- Default test -->
