<?xml version="1.0" encoding="UTF-8"?>
<testng-results ignored="0" total="3" passed="3" failed="0" skipped="0">
  <reporter-output>
  </reporter-output>
  <suite started-at="2023-11-16T13:50:51 IST" name="Default suite" finished-at="2023-11-16T13:52:43 IST" duration-ms="112770">
    <groups>
    </groups>
    <test started-at="2023-11-16T13:50:51 IST" name="Default test" finished-at="2023-11-16T13:52:43 IST" duration-ms="112770">
      <class name="com.DemoQA.qa.Testcases.ElementPageTest">
        <test-method is-config="true" signature="setUp()[pri:0, instance:com.DemoQA.qa.Testcases.ElementPageTest@7526515b]" started-at="2023-11-16T13:50:51 IST" name="setUp" finished-at="2023-11-16T13:51:03 IST" duration-ms="11980" status="PASS">
          <reporter-output>
          </reporter-output>
        </test-method> <!-- setUp -->
        <test-method signature="TextboxTest(java.lang.String,java.lang.String,java.lang.String,java.lang.String)[pri:0, instance:com.DemoQA.qa.Testcases.ElementPageTest@7526515b]" started-at="2023-11-16T13:51:03 IST" name="TextboxTest" data-provider="userdetails" finished-at="2023-11-16T13:51:05 IST" duration-ms="1936" status="PASS">
          <params>
            <param index="0">
              <value>
                <![CDATA[Manojkumar]]>
              </value>
            </param>
            <param index="1">
              <value>
                <![CDATA[manoj@gmail.com]]>
              </value>
            </param>
            <param index="2">
              <value>
                <![CDATA[Bangalore]]>
              </value>
            </param>
            <param index="3">
              <value>
                <![CDATA[Chittoor]]>
              </value>
            </param>
          </params>
          <reporter-output>
          </reporter-output>
        </test-method> <!-- TextboxTest -->
        <test-method is-config="true" signature="setUp()[pri:0, instance:com.DemoQA.qa.Testcases.ElementPageTest@7526515b]" started-at="2023-11-16T13:51:05 IST" name="setUp" finished-at="2023-11-16T13:51:50 IST" duration-ms="45063" status="PASS">
          <reporter-output>
          </reporter-output>
        </test-method> <!-- setUp -->
        <test-method signature="TextboxTest(java.lang.String,java.lang.String,java.lang.String,java.lang.String)[pri:0, instance:com.DemoQA.qa.Testcases.ElementPageTest@7526515b]" started-at="2023-11-16T13:51:50 IST" name="TextboxTest" data-provider="userdetails" finished-at="2023-11-16T13:51:52 IST" duration-ms="1918" status="PASS">
          <params>
            <param index="0">
              <value>
                <![CDATA[kumar]]>
              </value>
            </param>
            <param index="1">
              <value>
                <![CDATA[kumar@gmail.com]]>
              </value>
            </param>
            <param index="2">
              <value>
                <![CDATA[hyderabd]]>
              </value>
            </param>
            <param index="3">
              <value>
                <![CDATA[vijayawada]]>
              </value>
            </param>
          </params>
          <reporter-output>
          </reporter-output>
        </test-method> <!-- TextboxTest -->
        <test-method is-config="true" signature="setUp()[pri:0, instance:com.DemoQA.qa.Testcases.ElementPageTest@7526515b]" started-at="2023-11-16T13:51:52 IST" name="setUp" finished-at="2023-11-16T13:52:41 IST" duration-ms="48978" status="PASS">
          <reporter-output>
          </reporter-output>
        </test-method> <!-- setUp -->
        <test-method signature="TextboxTest(java.lang.String,java.lang.String,java.lang.String,java.lang.String)[pri:0, instance:com.DemoQA.qa.Testcases.ElementPageTest@7526515b]" started-at="2023-11-16T13:52:41 IST" name="TextboxTest" data-provider="userdetails" finished-at="2023-11-16T13:52:43 IST" duration-ms="2052" status="PASS">
          <params>
            <param index="0">
              <value>
                <![CDATA[endluri]]>
              </value>
            </param>
            <param index="1">
              <value>
                <![CDATA[endluri@gmail.com]]>
              </value>
            </param>
            <param index="2">
              <value>
                <![CDATA[Chennai]]>
              </value>
            </param>
            <param index="3">
              <value>
                <![CDATA[Hyderabad]]>
              </value>
            </param>
          </params>
          <reporter-output>
          </reporter-output>
        </test-method> <!-- TextboxTest -->
      </class> <!-- com.DemoQA.qa.Testcases.ElementPageTest -->
    </test> <!-- Default test -->
  </suite> <!-- Default suite -->
</testng-results>
